--------------------------------------------------------------------------------
                      NCNBD.jl (c) Christian Füllner, 2020
re-uses code from     SDDP.jl (c) Oscar Dowson, 2017-20

Solver: serial mode

 Outer_Iteration   Inner_Iteration    Upper Bound    Lower Bound    Time (s)   
        1          1    1.961130e+00   9.611301e-01   3.846200e+01
        1          2    1.961130e+00   9.611301e-01   5.602200e+01
--------------------------------------------------------------------------------
                      NCNBD.jl (c) Christian Füllner, 2020
re-uses code from     SDDP.jl (c) Oscar Dowson, 2017-20

Solver: serial mode

 Outer_Iteration   Inner_Iteration    Upper Bound    Lower Bound    Time (s)   
        1          1    1.961130e+00   9.611301e-01   1.544000e+00
        1          2    1.961130e+00   9.611301e-01   1.310800e+01
--------------------------------------------------------------------------------
                      NCNBD.jl (c) Christian Füllner, 2020
re-uses code from     SDDP.jl (c) Oscar Dowson, 2017-20

Solver: serial mode

 Outer_Iteration   Inner_Iteration    Upper Bound    Lower Bound    Time (s)   
        1          1    1.961130e+00   9.611301e-01   4.229400e+01
        1          2    1.961130e+00   9.611301e-01   4.325800e+01
--------------------------------------------------------------------------------
                      NCNBD.jl (c) Christian Füllner, 2020
re-uses code from     SDDP.jl (c) Oscar Dowson, 2017-20

Solver: serial mode

 Outer_Iteration   Inner_Iteration    Upper Bound    Lower Bound    Time (s)   
        1          1    1.961130e+00   9.611301e-01   1.611000e+00
        1          2    1.961130e+00   9.611301e-01   2.554000e+00
--------------------------------------------------------------------------------
                      NCNBD.jl (c) Christian Füllner, 2020
re-uses code from     SDDP.jl (c) Oscar Dowson, 2017-20

Solver: serial mode

 Outer_Iteration   Inner_Iteration    Upper Bound    Lower Bound    Time (s)   
        1          1    1.961130e+00   9.611301e-01   1.604000e+00
        1          2    1.961130e+00   9.611301e-01   2.340000e+00
--------------------------------------------------------------------------------
                      NCNBD.jl (c) Christian Füllner, 2020
re-uses code from     SDDP.jl (c) Oscar Dowson, 2017-20

Solver: serial mode

 Outer_Iteration   Inner_Iteration    Upper Bound    Lower Bound    Time (s)   
        1          1    1.961130e+00   9.611301e-01   1.600000e+00
        1          2    1.961130e+00   9.611301e-01   2.535000e+00
--------------------------------------------------------------------------------
                      NCNBD.jl (c) Christian Füllner, 2020
re-uses code from     SDDP.jl (c) Oscar Dowson, 2017-20

Solver: serial mode

 Outer_Iteration   Inner_Iteration    Upper Bound    Lower Bound    Time (s)   
        1          1    1.961130e+00   9.611301e-01   1.574000e+00
        1          2    1.961130e+00   9.611301e-01   2.544000e+00
--------------------------------------------------------------------------------
                      NCNBD.jl (c) Christian Füllner, 2020
re-uses code from     SDDP.jl (c) Oscar Dowson, 2017-20

Solver: serial mode

 Outer_Iteration   Inner_Iteration    Upper Bound    Lower Bound    Time (s)   
        1          1    1.961130e+00   9.611301e-01   1.649000e+00
        1          2    1.961130e+00   9.611301e-01   2.524000e+00
--------------------------------------------------------------------------------
                      NCNBD.jl (c) Christian Füllner, 2020
re-uses code from     SDDP.jl (c) Oscar Dowson, 2017-20

Solver: serial mode

 Outer_Iteration   Inner_Iteration    Upper Bound    Lower Bound    Time (s)   
        1          1    1.961130e+00   9.611301e-01   1.565000e+00
        1          2    1.961130e+00   9.611301e-01   2.783000e+00
--------------------------------------------------------------------------------
                      NCNBD.jl (c) Christian Füllner, 2020
re-uses code from     SDDP.jl (c) Oscar Dowson, 2017-20

Solver: serial mode

 Outer_Iteration   Inner_Iteration    Upper Bound    Lower Bound    Time (s)   
        1          1    1.961130e+00   9.611301e-01   1.811000e+00
        1          2    1.961130e+00   9.611301e-01   2.747000e+00
--------------------------------------------------------------------------------
                      NCNBD.jl (c) Christian Füllner, 2020
re-uses code from     SDDP.jl (c) Oscar Dowson, 2017-20

Solver: serial mode

 Outer_Iteration   Inner_Iteration    Upper Bound    Lower Bound    Time (s)   
        1          1    1.961130e+00   9.611301e-01   1.831000e+00
        1          2    1.961130e+00   9.611301e-01   2.806000e+00
        1          2    1.961130e+00   9.611301e-01   2.806000e+00
--------------------------------------------------------------------------------
                      NCNBD.jl (c) Christian Füllner, 2020
re-uses code from     SDDP.jl (c) Oscar Dowson, 2017-20

Solver: serial mode

 Outer_Iteration   Inner_Iteration    Upper Bound    Lower Bound    Time (s)   
        1          1    1.961130e+00   9.611301e-01   1.588000e+00
        1          2    1.961130e+00   9.611301e-01   2.412000e+00
        1          2    1.961130e+00   9.611301e-01   2.412000e+00
--------------------------------------------------------------------------------
                      NCNBD.jl (c) Christian Füllner, 2020
re-uses code from     SDDP.jl (c) Oscar Dowson, 2017-20

Solver: serial mode

 Outer_Iteration   Inner_Iteration    Upper Bound    Lower Bound    Time (s)   
        1          1    1.961130e+00   9.611301e-01   3.742600e+01
        1          2    1.961130e+00   9.611301e-01   3.837500e+01
        1          2    1.961130e+00   9.611301e-01   3.837500e+01

Terminating NCNBD with status: DeterministicStopping
------------------------------------------------------------------------------
--------------------------------------------------------------------------------
                      NCNBD.jl (c) Christian Füllner, 2020
re-uses code from     SDDP.jl (c) Oscar Dowson, 2017-20

Solver: serial mode

 Outer_Iteration   Inner_Iteration    Upper Bound    Lower Bound    Time (s)   
        1          1    1.961130e+00   9.611301e-01   1.578000e+00
        1          2    1.961130e+00   9.611301e-01   2.352000e+00
        1          2    1.961130e+00   9.611301e-01   2.352000e+00

Terminating NCNBD with status: DeterministicStopping
------------------------------------------------------------------------------
--------------------------------------------------------------------------------
                      NCNBD.jl (c) Christian Füllner, 2020
re-uses code from     SDDP.jl (c) Oscar Dowson, 2017-20

Solver: serial mode

 Outer_Iteration   Inner_Iteration    Upper Bound    Lower Bound    Time (s)   
        1          1    1.961130e+00   9.611301e-01   2.353000e+00
        1          2    1.961130e+00   9.611301e-01   3.197000e+00
        1          2    1.961130e+00   9.611301e-01   3.197000e+00

Terminating NCNBD with status: DeterministicStopping
------------------------------------------------------------------------------
--------------------------------------------------------------------------------
                      NCNBD.jl (c) Christian Füllner, 2020
re-uses code from     SDDP.jl (c) Oscar Dowson, 2017-20

Solver: serial mode

 Outer_Iteration   Inner_Iteration    Upper Bound    Lower Bound    Time (s)   
        1          1    1.961130e+00   9.611301e-01   1.503000e+00
        1          2    1.961130e+00   9.611301e-01   2.432000e+00
        1          2    1.961130e+00   9.611301e-01   2.432000e+00

Terminating NCNBD with status: DeterministicStopping
------------------------------------------------------------------------------
--------------------------------------------------------------------------------
                      NCNBD.jl (c) Christian Füllner, 2020
re-uses code from     SDDP.jl (c) Oscar Dowson, 2017-20

Solver: serial mode

 Outer_Iteration   Inner_Iteration    Upper Bound    Lower Bound    Time (s)   
        1          1    1.961130e+00   9.611301e-01   1.871000e+00
        1          2    1.961130e+00   9.611301e-01   2.608000e+00
        1          2    1.961130e+00   9.611301e-01   2.608000e+00

Terminating NCNBD with status: DeterministicStopping
------------------------------------------------------------------------------
--------------------------------------------------------------------------------
                      NCNBD.jl (c) Christian Füllner, 2020
re-uses code from     SDDP.jl (c) Oscar Dowson, 2017-20

Solver: serial mode

 Outer_Iteration   Inner_Iteration    Upper Bound    Lower Bound    Time (s)   
        1          1    1.961130e+00   9.611301e-01   3.698400e+01
        1          2    1.961130e+00   9.611301e-01   3.799000e+01
        1          2    1.961130e+00   9.611301e-01   3.799000e+01

Terminating NCNBD with status: DeterministicStopping
------------------------------------------------------------------------------
--------------------------------------------------------------------------------
                      NCNBD.jl (c) Christian Füllner, 2020
re-uses code from     SDDP.jl (c) Oscar Dowson, 2017-20

Solver: serial mode

 Outer_Iteration   Inner_Iteration    Upper Bound    Lower Bound    Time (s)   
        1          1    1.961130e+00   9.611301e-01   1.541000e+00
        1          2    1.961130e+00   9.611301e-01   2.337000e+00
        1          2    1.961130e+00   9.611301e-01   2.337000e+00

Terminating NCNBD with status: DeterministicStopping
------------------------------------------------------------------------------
--------------------------------------------------------------------------------
                      NCNBD.jl (c) Christian Füllner, 2020
re-uses code from     SDDP.jl (c) Oscar Dowson, 2017-20

Solver: serial mode

 Outer_Iteration   Inner_Iteration    Upper Bound    Lower Bound    Time (s)   
        1          1    1.961130e+00   9.611301e-01   1.764000e+00
        1          2    1.961130e+00   9.611301e-01   2.604000e+00
        1          2    1.961130e+00   9.611301e-01   2.604000e+00

Terminating NCNBD with status: DeterministicStopping
------------------------------------------------------------------------------
--------------------------------------------------------------------------------
                      NCNBD.jl (c) Christian Füllner, 2020
re-uses code from     SDDP.jl (c) Oscar Dowson, 2017-20

Solver: serial mode

 Outer_Iteration   Inner_Iteration    Upper Bound    Lower Bound    Time (s)   
        1          1    1.961130e+00   9.611301e-01   1.629000e+00
        1          2    1.961130e+00   9.611301e-01   2.605000e+00
        1          2    1.961130e+00   9.611301e-01   2.605000e+00

Terminating NCNBD with status: DeterministicStopping
------------------------------------------------------------------------------
--------------------------------------------------------------------------------
                      NCNBD.jl (c) Christian Füllner, 2020
re-uses code from     SDDP.jl (c) Oscar Dowson, 2017-20

Solver: serial mode

 Outer_Iteration   Inner_Iteration    Upper Bound    Lower Bound    Time (s)   
        1          1    1.961130e+00   9.611301e-01   1.596000e+00
        1          2    1.961130e+00   9.611301e-01   2.439000e+00
        1          2    1.961130e+00   9.611301e-01   2.439000e+00

Terminating NCNBD with status: DeterministicStopping
------------------------------------------------------------------------------
--------------------------------------------------------------------------------
                      NCNBD.jl (c) Christian Füllner, 2020
re-uses code from     SDDP.jl (c) Oscar Dowson, 2017-20

Solver: serial mode

 Outer_Iteration   Inner_Iteration    Upper Bound    Lower Bound    Time (s)   
        1          1    1.961130e+00   9.611301e-01   4.048400e+01
        1          2    1.961130e+00   9.611301e-01   4.140300e+01
        1          2    1.961130e+00   9.611301e-01   4.140300e+01

Terminating NCNBD with status: DeterministicStopping
------------------------------------------------------------------------------
--------------------------------------------------------------------------------
                      NCNBD.jl (c) Christian Füllner, 2020
re-uses code from     SDDP.jl (c) Oscar Dowson, 2017-20

Solver: serial mode

 Outer_Iteration   Inner_Iteration    Upper Bound    Lower Bound    Time (s)   
        1          1    1.961130e+00   9.611301e-01   1.525000e+00
        1          2    1.961130e+00   9.611301e-01   2.299000e+00
        1          2    1.961130e+00   9.611301e-01   2.299000e+00

Terminating NCNBD with status: DeterministicStopping
------------------------------------------------------------------------------
--------------------------------------------------------------------------------
                      NCNBD.jl (c) Christian Füllner, 2020
re-uses code from     SDDP.jl (c) Oscar Dowson, 2017-20

Solver: serial mode

 Outer_Iteration   Inner_Iteration    Upper Bound    Lower Bound    Time (s)   
        1          1    1.961130e+00   9.611301e-01   1.596000e+00
        1          2    1.961130e+00   9.611301e-01   2.652000e+00
        1          2    1.961130e+00   9.611301e-01   2.652000e+00

Terminating NCNBD with status: DeterministicStopping
------------------------------------------------------------------------------
--------------------------------------------------------------------------------
                      NCNBD.jl (c) Christian Füllner, 2020
re-uses code from     SDDP.jl (c) Oscar Dowson, 2017-20

Solver: serial mode

 Outer_Iteration   Inner_Iteration    Upper Bound    Lower Bound    Time (s)   
        1          1    1.961130e+00   9.611301e-01   1.621000e+00
        1          2    1.961130e+00   9.611301e-01   2.410000e+00
        1          2    1.961130e+00   9.611301e-01   2.410000e+00

Terminating NCNBD with status: DeterministicStopping
------------------------------------------------------------------------------
--------------------------------------------------------------------------------
                      NCNBD.jl (c) Christian Füllner, 2020
re-uses code from     SDDP.jl (c) Oscar Dowson, 2017-20

Solver: serial mode

 Outer_Iteration   Inner_Iteration    Upper Bound    Lower Bound    Time (s)   
        1          1    1.961130e+00   9.611301e-01   1.530000e+00
        1          2    1.961130e+00   9.611301e-01   2.330000e+00
        1          2    1.961130e+00   9.611301e-01   2.330000e+00

Terminating NCNBD with status: DeterministicStopping
------------------------------------------------------------------------------
--------------------------------------------------------------------------------
                      NCNBD.jl (c) Christian Füllner, 2020
re-uses code from     SDDP.jl (c) Oscar Dowson, 2017-20

Solver: serial mode

 Outer_Iteration   Inner_Iteration    Upper Bound    Lower Bound    Time (s)   
        1          1    1.961130e+00   9.611301e-01   3.810700e+01
        1          2    1.961130e+00   9.611301e-01   3.895000e+01
        1          2    1.961130e+00   9.611301e-01   3.895000e+01

Terminating NCNBD with status: DeterministicStopping
------------------------------------------------------------------------------
--------------------------------------------------------------------------------
                      NCNBD.jl (c) Christian Füllner, 2020
re-uses code from     SDDP.jl (c) Oscar Dowson, 2017-20

Solver: serial mode

 Outer_Iteration   Inner_Iteration    Upper Bound    Lower Bound    Time (s)   
        1          1    1.961130e+00   9.611301e-01   1.229808e+03
        1          1    1.961130e+00   9.611301e-01   1.229808e+03

Terminating NCNBD with status: DeterministicStopping
------------------------------------------------------------------------------
--------------------------------------------------------------------------------
                      NCNBD.jl (c) Christian Füllner, 2020
re-uses code from     SDDP.jl (c) Oscar Dowson, 2017-20

Solver: serial mode

 Outer_Iteration   Inner_Iteration    Upper Bound    Lower Bound    Time (s)   
        1          1    1.961130e+00   9.611301e-01   2.197660e+02
        1          2    1.961130e+00   9.611301e-01   2.412490e+02
        1          2    1.961130e+00   9.611301e-01   2.412490e+02

Terminating NCNBD with status: DeterministicStopping
------------------------------------------------------------------------------
--------------------------------------------------------------------------------
                      NCNBD.jl (c) Christian Füllner, 2020
re-uses code from     SDDP.jl (c) Oscar Dowson, 2017-20

Solver: serial mode

 Outer_Iteration   Inner_Iteration    Upper Bound    Lower Bound    Time (s)   
        1          1    1.961130e+00   9.611301e-01   1.409494e+03
        1          1    1.961130e+00   9.611301e-01   1.409494e+03

Terminating NCNBD with status: DeterministicStopping
------------------------------------------------------------------------------
--------------------------------------------------------------------------------
                      NCNBD.jl (c) Christian Füllner, 2020
re-uses code from     SDDP.jl (c) Oscar Dowson, 2017-20

Solver: serial mode

 Outer_Iteration   Inner_Iteration    Upper Bound    Lower Bound    Time (s)   
        1          1    1.211130e+00   9.611301e-01   3.026570e+02
        1          2    1.211130e+00   9.611301e-01   3.211340e+02
        1          2    1.211130e+00   9.611301e-01   3.211340e+02

Terminating NCNBD with status: DeterministicStopping
------------------------------------------------------------------------------
--------------------------------------------------------------------------------
                      NCNBD.jl (c) Christian Füllner, 2020
re-uses code from     SDDP.jl (c) Oscar Dowson, 2017-20

Solver: serial mode

 Outer_Iteration   Inner_Iteration    Upper Bound    Lower Bound    Time (s)   
        1          1    1.211130e+00   9.611301e-01   3.343090e+02
        1          2    1.211130e+00   9.611301e-01   3.556100e+02
        1          2    1.211130e+00   9.611301e-01   3.556100e+02

Terminating NCNBD with status: DeterministicStopping
------------------------------------------------------------------------------
--------------------------------------------------------------------------------
                      NCNBD.jl (c) Christian Füllner, 2020
re-uses code from     SDDP.jl (c) Oscar Dowson, 2017-20

Solver: serial mode

 Outer_Iteration   Inner_Iteration    Upper Bound    Lower Bound    Time (s)   
        1          1    1.211130e+00   9.611301e-01   2.270940e+03
        1          1    1.211130e+00   9.611301e-01   2.270940e+03

Terminating NCNBD with status: DeterministicStopping
------------------------------------------------------------------------------
--------------------------------------------------------------------------------
                      NCNBD.jl (c) Christian Füllner, 2020
re-uses code from     SDDP.jl (c) Oscar Dowson, 2017-20

Solver: serial mode

 Outer_Iteration   Inner_Iteration    Upper Bound    Lower Bound    Time (s)   
        1          1    9.611301e-01   9.611301e-01   1.872060e+02
        1          1    9.611301e-01   9.611301e-01   1.872060e+02

Terminating NCNBD with status: DeterministicStopping
------------------------------------------------------------------------------
--------------------------------------------------------------------------------
                      NCNBD.jl (c) Christian Füllner, 2020
re-uses code from     SDDP.jl (c) Oscar Dowson, 2017-20

Solver: serial mode

 Outer_Iteration   Inner_Iteration    Upper Bound    Lower Bound    Time (s)   
        1          1    1.820380e+00   9.611301e-01   1.151653e+04
        1          1    1.820380e+00   9.611301e-01   1.151653e+04

Terminating NCNBD with status: DeterministicStopping
------------------------------------------------------------------------------
--------------------------------------------------------------------------------
                      NCNBD.jl (c) Christian Füllner, 2020
re-uses code from     SDDP.jl (c) Oscar Dowson, 2017-20

Solver: serial mode

 Outer_Iteration   Inner_Iteration    Upper Bound    Lower Bound    Time (s)   
        1          1    1.820380e+00   1.950000e+00   8.910488e+03
        1          1    1.820380e+00   1.950000e+00   8.910488e+03

Terminating NCNBD with status: DeterministicStopping
------------------------------------------------------------------------------
--------------------------------------------------------------------------------
                      NCNBD.jl (c) Christian Füllner, 2020
re-uses code from     SDDP.jl (c) Oscar Dowson, 2017-20

Solver: serial mode

 Outer_Iteration   Inner_Iteration    Upper Bound    Lower Bound    Time (s)   
        1          1    1.820380e+00   1.950000e+00   3.856600e+01
--------------------------------------------------------------------------------
                      NCNBD.jl (c) Christian Füllner, 2020
re-uses code from     SDDP.jl (c) Oscar Dowson, 2017-20

Solver: serial mode

 Outer_Iteration   Inner_Iteration    Upper Bound    Lower Bound    Time (s)   
        1          1    1.820380e+00   1.950000e+00   2.883400e+01
--------------------------------------------------------------------------------
                      NCNBD.jl (c) Christian Füllner, 2020
re-uses code from     SDDP.jl (c) Oscar Dowson, 2017-20

Solver: serial mode

 Outer_Iteration   Inner_Iteration    Upper Bound    Lower Bound    Time (s)   
        1          1    1.820380e+00   1.950000e+00   5.288100e+01
--------------------------------------------------------------------------------
                      NCNBD.jl (c) Christian Füllner, 2020
re-uses code from     SDDP.jl (c) Oscar Dowson, 2017-20

Solver: serial mode

 Outer_Iteration   Inner_Iteration    Upper Bound    Lower Bound    Time (s)   
        1          1    1.820380e+00   1.950000e+00   5.151400e+01
--------------------------------------------------------------------------------
                      NCNBD.jl (c) Christian Füllner, 2020
re-uses code from     SDDP.jl (c) Oscar Dowson, 2017-20

Solver: serial mode

 Outer_Iteration   Inner_Iteration    Upper Bound    Lower Bound    Time (s)   
        1          1    1.820380e+00   1.950000e+00   3.739200e+01
--------------------------------------------------------------------------------
                      NCNBD.jl (c) Christian Füllner, 2020
re-uses code from     SDDP.jl (c) Oscar Dowson, 2017-20

Solver: serial mode

 Outer_Iteration   Inner_Iteration    Upper Bound    Lower Bound    Time (s)   
        1          1    1.820380e+00   1.950000e+00   2.537900e+01
--------------------------------------------------------------------------------
                      NCNBD.jl (c) Christian Füllner, 2020
re-uses code from     SDDP.jl (c) Oscar Dowson, 2017-20

Solver: serial mode

 Outer_Iteration   Inner_Iteration    Upper Bound    Lower Bound    Time (s)   
--------------------------------------------------------------------------------
                      NCNBD.jl (c) Christian Füllner, 2020
re-uses code from     SDDP.jl (c) Oscar Dowson, 2017-20

Solver: serial mode

 Outer_Iteration   Inner_Iteration    Upper Bound    Lower Bound    Time (s)   
        1          1    0.000000e+00   9.611301e-01   1.500590e+02
        1          1    0.000000e+00   9.611301e-01   1.500590e+02
--------------------------------------------------------------------------------
                      NCNBD.jl (c) Christian Füllner, 2020
re-uses code from     SDDP.jl (c) Oscar Dowson, 2017-20

Solver: serial mode

 Outer_Iteration   Inner_Iteration    Upper Bound    Lower Bound    Time (s)   
--------------------------------------------------------------------------------
                      NCNBD.jl (c) Christian Füllner, 2020
re-uses code from     SDDP.jl (c) Oscar Dowson, 2017-20

Solver: serial mode

 Outer_Iteration   Inner_Iteration    Upper Bound    Lower Bound    Time (s)   
--------------------------------------------------------------------------------
                      NCNBD.jl (c) Christian Füllner, 2020
re-uses code from     SDDP.jl (c) Oscar Dowson, 2017-20

Solver: serial mode

 Outer_Iteration   Inner_Iteration    Upper Bound    Lower Bound    Time (s)   
--------------------------------------------------------------------------------
                      NCNBD.jl (c) Christian Füllner, 2020
re-uses code from     SDDP.jl (c) Oscar Dowson, 2017-20

Solver: serial mode

 Outer_Iteration   Inner_Iteration    Upper Bound    Lower Bound    Time (s)   
--------------------------------------------------------------------------------
                      NCNBD.jl (c) Christian Füllner, 2020
re-uses code from     SDDP.jl (c) Oscar Dowson, 2017-20

Solver: serial mode

 Outer_Iteration   Inner_Iteration    Upper Bound    Lower Bound    Time (s)   
--------------------------------------------------------------------------------
                      NCNBD.jl (c) Christian Füllner, 2020
re-uses code from     SDDP.jl (c) Oscar Dowson, 2017-20

Solver: serial mode

 Outer_Iteration   Inner_Iteration    Upper Bound    Lower Bound    Time (s)   
--------------------------------------------------------------------------------
                      NCNBD.jl (c) Christian Füllner, 2020
re-uses code from     SDDP.jl (c) Oscar Dowson, 2017-20

Solver: serial mode

 Outer_Iteration   Inner_Iteration    Upper Bound    Lower Bound    Time (s)   
--------------------------------------------------------------------------------
                      NCNBD.jl (c) Christian Füllner, 2020
re-uses code from     SDDP.jl (c) Oscar Dowson, 2017-20

Solver: serial mode

 Outer_Iteration   Inner_Iteration    Upper Bound    Lower Bound    Time (s)   
--------------------------------------------------------------------------------
                      NCNBD.jl (c) Christian Füllner, 2020
re-uses code from     SDDP.jl (c) Oscar Dowson, 2017-20

Solver: serial mode

 Outer_Iteration   Inner_Iteration    Upper Bound    Lower Bound    Time (s)   
--------------------------------------------------------------------------------
                      NCNBD.jl (c) Christian Füllner, 2020
re-uses code from     SDDP.jl (c) Oscar Dowson, 2017-20

Solver: serial mode

 Outer_Iteration   Inner_Iteration    Upper Bound    Lower Bound    Time (s)   
--------------------------------------------------------------------------------
                      NCNBD.jl (c) Christian Füllner, 2020
re-uses code from     SDDP.jl (c) Oscar Dowson, 2017-20

Solver: serial mode

 Outer_Iteration   Inner_Iteration    Upper Bound    Lower Bound    Time (s)   
--------------------------------------------------------------------------------
                      NCNBD.jl (c) Christian Füllner, 2020
re-uses code from     SDDP.jl (c) Oscar Dowson, 2017-20

Solver: serial mode

 Outer_Iteration   Inner_Iteration    Upper Bound    Lower Bound    Time (s)   
--------------------------------------------------------------------------------
                      NCNBD.jl (c) Christian Füllner, 2020
re-uses code from     SDDP.jl (c) Oscar Dowson, 2017-20

Solver: serial mode

 Outer_Iteration   Inner_Iteration    Upper Bound    Lower Bound    Time (s)   
--------------------------------------------------------------------------------
                      NCNBD.jl (c) Christian Füllner, 2020
re-uses code from     SDDP.jl (c) Oscar Dowson, 2017-20

Solver: serial mode

 Outer_Iteration   Inner_Iteration    Upper Bound    Lower Bound    Time (s)   
--------------------------------------------------------------------------------
                      NCNBD.jl (c) Christian Füllner, 2020
re-uses code from     SDDP.jl (c) Oscar Dowson, 2017-20

Solver: serial mode

 Outer_Iteration   Inner_Iteration    Upper Bound    Lower Bound    Time (s)   
--------------------------------------------------------------------------------
                      NCNBD.jl (c) Christian Füllner, 2020
re-uses code from     SDDP.jl (c) Oscar Dowson, 2017-20

Solver: serial mode

 Outer_Iteration   Inner_Iteration    Upper Bound    Lower Bound    Time (s)   
--------------------------------------------------------------------------------
                      NCNBD.jl (c) Christian Füllner, 2020
re-uses code from     SDDP.jl (c) Oscar Dowson, 2017-20

Solver: serial mode

 Outer_Iteration   Inner_Iteration    Upper Bound    Lower Bound    Time (s)   
--------------------------------------------------------------------------------
                      NCNBD.jl (c) Christian Füllner, 2020
re-uses code from     SDDP.jl (c) Oscar Dowson, 2017-20

Solver: serial mode

 Outer_Iteration   Inner_Iteration    Upper Bound    Lower Bound    Time (s)   
        1          1    1.820380e+00   1.950000e+00   1.760850e+02
--------------------------------------------------------------------------------
                      NCNBD.jl (c) Christian Füllner, 2020
re-uses code from     SDDP.jl (c) Oscar Dowson, 2017-20

Solver: serial mode

 Outer_Iteration   Inner_Iteration    Upper Bound    Lower Bound    Time (s)   
        1          1    1.820380e+00   1.950000e+00   6.066600e+01
        1          2    2.270000e+00   1.950000e+00   1.720640e+02
        1          3    2.270000e+00   1.950000e+00   2.724040e+02
        1          4    2.270000e+00   1.950000e+00   1.703783e+03
--------------------------------------------------------------------------------
                      NCNBD.jl (c) Christian Füllner, 2020
re-uses code from     SDDP.jl (c) Oscar Dowson, 2017-20

Solver: serial mode

 Outer_Iteration   Inner_Iteration    Upper Bound    Lower Bound    Time (s)   
        1          1    1.820380e+00   1.950000e+00   3.767010e+02
        1          2    2.270000e+00   1.950000e+00   7.901700e+02
--------------------------------------------------------------------------------
                      NCNBD.jl (c) Christian Füllner, 2020
re-uses code from     SDDP.jl (c) Oscar Dowson, 2017-20

Solver: serial mode

 Outer_Iteration   Inner_Iteration    Upper Bound    Lower Bound    Time (s)   
        1          1    1.820380e+00   1.950000e+00   4.674400e+01
        1          2    2.270000e+00   1.950000e+00   1.099290e+02
        1          3    2.270000e+00   1.950000e+00   5.594230e+02
        1          4    2.270000e+00   1.950000e+00   7.953480e+02
--------------------------------------------------------------------------------
                      NCNBD.jl (c) Christian Füllner, 2020
re-uses code from     SDDP.jl (c) Oscar Dowson, 2017-20

Solver: serial mode

 Outer_Iteration   Inner_Iteration    Upper Bound    Lower Bound    Time (s)   
        1          1    1.820380e+00   1.950000e+00   1.519900e+01
        1          2    2.270000e+00   1.950000e+00   2.892300e+01
        1          3    2.270000e+00   1.950000e+00   4.621700e+01
        1          4    2.270000e+00   1.950000e+00   8.846200e+01
        1          5    2.270000e+00   2.723845e+00   3.375400e+02
--------------------------------------------------------------------------------
                      NCNBD.jl (c) Christian Füllner, 2020
re-uses code from     SDDP.jl (c) Oscar Dowson, 2017-20

Solver: serial mode

 Outer_Iteration   Inner_Iteration    Upper Bound    Lower Bound    Time (s)   
--------------------------------------------------------------------------------
                      NCNBD.jl (c) Christian Füllner, 2020
re-uses code from     SDDP.jl (c) Oscar Dowson, 2017-20

Solver: serial mode

 Outer_Iteration   Inner_Iteration    Upper Bound    Lower Bound    Time (s)   
--------------------------------------------------------------------------------
                      NCNBD.jl (c) Christian Füllner, 2020
re-uses code from     SDDP.jl (c) Oscar Dowson, 2017-20

Solver: serial mode

 Outer_Iteration   Inner_Iteration    Upper Bound    Lower Bound    Time (s)   
--------------------------------------------------------------------------------
                      NCNBD.jl (c) Christian Füllner, 2020
re-uses code from     SDDP.jl (c) Oscar Dowson, 2017-20

Solver: serial mode

 Outer_Iteration   Inner_Iteration    Upper Bound    Lower Bound    Time (s)   
--------------------------------------------------------------------------------
                      NCNBD.jl (c) Christian Füllner, 2020
re-uses code from     SDDP.jl (c) Oscar Dowson, 2017-20

Solver: serial mode

 Outer_Iteration   Inner_Iteration    Upper Bound    Lower Bound    Time (s)   
--------------------------------------------------------------------------------
                      NCNBD.jl (c) Christian Füllner, 2020
re-uses code from     SDDP.jl (c) Oscar Dowson, 2017-20

Solver: serial mode

 Outer_Iteration   Inner_Iteration    Upper Bound    Lower Bound    Time (s)   
--------------------------------------------------------------------------------
                      NCNBD.jl (c) Christian Füllner, 2020
re-uses code from     SDDP.jl (c) Oscar Dowson, 2017-20

Solver: serial mode

 Outer_Iteration   Inner_Iteration    Upper Bound    Lower Bound    Time (s)   
--------------------------------------------------------------------------------
                      NCNBD.jl (c) Christian Füllner, 2020
re-uses code from     SDDP.jl (c) Oscar Dowson, 2017-20

Solver: serial mode

 Outer_Iteration   Inner_Iteration    Upper Bound    Lower Bound    Time (s)   
--------------------------------------------------------------------------------
                      NCNBD.jl (c) Christian Füllner, 2020
re-uses code from     SDDP.jl (c) Oscar Dowson, 2017-20

Solver: serial mode

 Outer_Iteration   Inner_Iteration    Upper Bound    Lower Bound    Time (s)   
--------------------------------------------------------------------------------
                      NCNBD.jl (c) Christian Füllner, 2020
re-uses code from     SDDP.jl (c) Oscar Dowson, 2017-20

Solver: serial mode

 Outer_Iteration   Inner_Iteration    Upper Bound    Lower Bound    Time (s)   
--------------------------------------------------------------------------------
                      NCNBD.jl (c) Christian Füllner, 2020
re-uses code from     SDDP.jl (c) Oscar Dowson, 2017-20

Solver: serial mode

 Outer_Iteration   Inner_Iteration    Upper Bound    Lower Bound    Time (s)   
--------------------------------------------------------------------------------
                      NCNBD.jl (c) Christian Füllner, 2020
re-uses code from     SDDP.jl (c) Oscar Dowson, 2017-20

Solver: serial mode

 Outer_Iteration   Inner_Iteration    Upper Bound    Lower Bound    Time (s)   
--------------------------------------------------------------------------------
                      NCNBD.jl (c) Christian Füllner, 2020
re-uses code from     SDDP.jl (c) Oscar Dowson, 2017-20

Solver: serial mode

 Outer_Iteration   Inner_Iteration    Upper Bound    Lower Bound    Time (s)   
--------------------------------------------------------------------------------
                      NCNBD.jl (c) Christian Füllner, 2020
re-uses code from     SDDP.jl (c) Oscar Dowson, 2017-20

Solver: serial mode

 Outer_Iteration   Inner_Iteration    Upper Bound    Lower Bound    Time (s)   
        1          1    1.820380e+00   2.266667e+00   6.392150e+02
--------------------------------------------------------------------------------
                      NCNBD.jl (c) Christian Füllner, 2020
re-uses code from     SDDP.jl (c) Oscar Dowson, 2017-20

Solver: serial mode

 Outer_Iteration   Inner_Iteration    Upper Bound    Lower Bound    Time (s)   
        1          1    1.820380e+00   2.266667e+00   2.784300e+01
        1          2    2.266667e+00   2.266667e+00   2.551020e+02
--------------------------------------------------------------------------------
                      NCNBD.jl (c) Christian Füllner, 2020
re-uses code from     SDDP.jl (c) Oscar Dowson, 2017-20

Solver: serial mode

 Outer_Iteration   Inner_Iteration    Upper Bound    Lower Bound    Time (s)   
        1          1    1.820380e+00   2.266667e+00   2.088200e+01
        1          2    2.266667e+00   2.266667e+00   3.378800e+01
--------------------------------------------------------------------------------
                      NCNBD.jl (c) Christian Füllner, 2020
re-uses code from     SDDP.jl (c) Oscar Dowson, 2017-20

Solver: serial mode

 Outer_Iteration   Inner_Iteration    Upper Bound    Lower Bound    Time (s)   
        1          1    1.820380e+00   2.266667e+00   8.331400e+01
        1          2    2.266667e+00   2.266667e+00   9.203300e+01
        1          2    2.266667e+00   2.266667e+00   9.203300e+01
        2          3    2.555556e+00   2.270833e+00   8.412590e+02
        2          4    2.548611e+00   2.270833e+00   9.042450e+02
        2          4    2.548611e+00   2.270833e+00   9.042450e+02

Terminating NCNBD with status: time_limit
------------------------------------------------------------------------------
--------------------------------------------------------------------------------
                      NCNBD.jl (c) Christian Füllner, 2020
re-uses code from     SDDP.jl (c) Oscar Dowson, 2017-20

Solver: serial mode

 Outer_Iteration   Inner_Iteration    Upper Bound    Lower Bound    Time (s)   
        1          1    1.820380e+00   2.266667e+00   9.115200e+01
        1          2    2.266667e+00   2.266667e+00   9.980600e+01
        1          2    2.266667e+00   2.266667e+00   9.980600e+01
        2          3    2.555556e+00   2.270833e+00   1.312540e+02
        2          4    2.548611e+00   2.270833e+00   1.477410e+02
        2          5    2.548611e+00   2.284722e+00   1.813080e+02
        2          6    2.525463e+00   2.300000e+00   3.793500e+02
        2          7    2.500000e+00   2.318056e+00   6.130200e+02
--------------------------------------------------------------------------------
                      NCNBD.jl (c) Christian Füllner, 2020
re-uses code from     SDDP.jl (c) Oscar Dowson, 2017-20

Solver: serial mode

 Outer_Iteration   Inner_Iteration    Upper Bound    Lower Bound    Time (s)   
--------------------------------------------------------------------------------
                      NCNBD.jl (c) Christian Füllner, 2020
re-uses code from     SDDP.jl (c) Oscar Dowson, 2017-20

Solver: serial mode

 Outer_Iteration   Inner_Iteration    Upper Bound    Lower Bound    Time (s)   
--------------------------------------------------------------------------------
                      NCNBD.jl (c) Christian Füllner, 2020
re-uses code from     SDDP.jl (c) Oscar Dowson, 2017-20

Solver: serial mode

 Outer_Iteration   Inner_Iteration    Upper Bound    Lower Bound    Time (s)   
--------------------------------------------------------------------------------
                      NCNBD.jl (c) Christian Füllner, 2020
re-uses code from     SDDP.jl (c) Oscar Dowson, 2017-20

Solver: serial mode

 Outer_Iteration   Inner_Iteration    Upper Bound    Lower Bound    Time (s)   
        1          1    9.611301e-01   9.611301e-01   2.470850e+02
        1          1    9.611301e-01   9.611301e-01   2.470850e+02
--------------------------------------------------------------------------------
                      NCNBD.jl (c) Christian Füllner, 2020
re-uses code from     SDDP.jl (c) Oscar Dowson, 2017-20

Solver: serial mode

 Outer_Iteration   Inner_Iteration    Upper Bound    Lower Bound    Time (s)   
--------------------------------------------------------------------------------
                      NCNBD.jl (c) Christian Füllner, 2020
re-uses code from     SDDP.jl (c) Oscar Dowson, 2017-20

Solver: serial mode

 Outer_Iteration   Inner_Iteration    Upper Bound    Lower Bound    Time (s)   
--------------------------------------------------------------------------------
                      NCNBD.jl (c) Christian Füllner, 2020
re-uses code from     SDDP.jl (c) Oscar Dowson, 2017-20

Solver: serial mode

 Outer_Iteration   Inner_Iteration    Upper Bound    Lower Bound    Time (s)   
--------------------------------------------------------------------------------
                      NCNBD.jl (c) Christian Füllner, 2020
re-uses code from     SDDP.jl (c) Oscar Dowson, 2017-20

Solver: serial mode

 Outer_Iteration   Inner_Iteration    Upper Bound    Lower Bound    Time (s)   
--------------------------------------------------------------------------------
                      NCNBD.jl (c) Christian Füllner, 2020
re-uses code from     SDDP.jl (c) Oscar Dowson, 2017-20

Solver: serial mode

 Outer_Iteration   Inner_Iteration    Upper Bound    Lower Bound    Time (s)   
--------------------------------------------------------------------------------
                      NCNBD.jl (c) Christian Füllner, 2020
re-uses code from     SDDP.jl (c) Oscar Dowson, 2017-20

Solver: serial mode

 Outer_Iteration   Inner_Iteration    Upper Bound    Lower Bound    Time (s)   
--------------------------------------------------------------------------------
                      NCNBD.jl (c) Christian Füllner, 2020
re-uses code from     SDDP.jl (c) Oscar Dowson, 2017-20

Solver: serial mode

 Outer_Iteration   Inner_Iteration    Upper Bound    Lower Bound    Time (s)   
--------------------------------------------------------------------------------
                      NCNBD.jl (c) Christian Füllner, 2020
re-uses code from     SDDP.jl (c) Oscar Dowson, 2017-20

Solver: serial mode

 Outer_Iteration   Inner_Iteration    Upper Bound    Lower Bound    Time (s)   
--------------------------------------------------------------------------------
                      NCNBD.jl (c) Christian Füllner, 2020
re-uses code from     SDDP.jl (c) Oscar Dowson, 2017-20

Solver: serial mode

 Outer_Iteration   Inner_Iteration    Upper Bound    Lower Bound    Time (s)   
--------------------------------------------------------------------------------
                      NCNBD.jl (c) Christian Füllner, 2020
re-uses code from     SDDP.jl (c) Oscar Dowson, 2017-20

Solver: serial mode

 Outer_Iteration   Inner_Iteration    Upper Bound    Lower Bound    Time (s)   
--------------------------------------------------------------------------------
                      NCNBD.jl (c) Christian Füllner, 2020
re-uses code from     SDDP.jl (c) Oscar Dowson, 2017-20

Solver: serial mode

 Outer_Iteration   Inner_Iteration    Upper Bound    Lower Bound    Time (s)   
--------------------------------------------------------------------------------
                      NCNBD.jl (c) Christian Füllner, 2020
re-uses code from     SDDP.jl (c) Oscar Dowson, 2017-20

Solver: serial mode

 Outer_Iteration   Inner_Iteration    Upper Bound    Lower Bound    Time (s)   
--------------------------------------------------------------------------------
                      NCNBD.jl (c) Christian Füllner, 2020
re-uses code from     SDDP.jl (c) Oscar Dowson, 2017-20

Solver: serial mode

 Outer_Iteration   Inner_Iteration    Upper Bound     Lower Bound     Time (s)   
