--------------------------------------------------------------------------------
                      NCNBD.jl (c) Christian Füllner, 2020
re-uses code from     SDDP.jl (c) Oscar Dowson, 2017-20

Solver: serial mode

 Outer_Iteration   Inner_Iteration    Upper Bound     Lower Bound     Time (s) 	sigma_ref      bin_ref     Sub_tot_var     Sub_bin_var     Sub_int_var     Sub_con        
--------------------------------------------------------------------------------
                      NCNBD.jl (c) Christian Füllner, 2020
re-uses code from     SDDP.jl (c) Oscar Dowson, 2017-20

Solver: serial mode

 Outer_Iteration   Inner_Iteration    Upper Bound     Lower Bound     Time (s) 	sigma_ref      bin_ref     Sub_tot_var     Sub_bin_var     Sub_int_var     Sub_con        
--------------------------------------------------------------------------------
                      NCNBD.jl (c) Christian Füllner, 2020
re-uses code from     SDDP.jl (c) Oscar Dowson, 2017-20

Solver: serial mode

 Outer_Iteration   Inner_Iteration    Upper Bound     Lower Bound     Time (s) 	sigma_ref      bin_ref     Sub_tot_var     Sub_bin_var     Sub_int_var     Sub_con        
--------------------------------------------------------------------------------
                      NCNBD.jl (c) Christian Füllner, 2020
re-uses code from     SDDP.jl (c) Oscar Dowson, 2017-20

Solver: serial mode

 Outer_Iteration   Inner_Iteration    Upper Bound     Lower Bound     Time (s) 	sigma_ref      bin_ref     Sub_tot_var     Sub_bin_var     Sub_int_var     Sub_con        
--------------------------------------------------------------------------------
                      NCNBD.jl (c) Christian Füllner, 2020
re-uses code from     SDDP.jl (c) Oscar Dowson, 2017-20

Solver: serial mode

 Outer_Iteration   Inner_Iteration    Upper Bound     Lower Bound     Time (s) 	sigma_ref      bin_ref     Sub_tot_var     Sub_bin_var     Sub_int_var     Sub_con        
--------------------------------------------------------------------------------
                      NCNBD.jl (c) Christian Füllner, 2020
re-uses code from     SDDP.jl (c) Oscar Dowson, 2017-20

Solver: serial mode

 Outer_Iteration   Inner_Iteration    Upper Bound     Lower Bound     Time (s) 	sigma_ref      bin_ref     Sub_tot_var     Sub_bin_var     Sub_int_var     Sub_con        
--------------------------------------------------------------------------------
                      NCNBD.jl (c) Christian Füllner, 2020
re-uses code from     SDDP.jl (c) Oscar Dowson, 2017-20

Solver: serial mode

 Outer_Iteration   Inner_Iteration    Upper Bound     Lower Bound     Time (s) 	sigma_ref      bin_ref     Sub_tot_var     Sub_bin_var     Sub_int_var     Sub_con        
--------------------------------------------------------------------------------
                      NCNBD.jl (c) Christian Füllner, 2020
re-uses code from     SDDP.jl (c) Oscar Dowson, 2017-20

Solver: serial mode

 Outer_Iteration   Inner_Iteration    Upper Bound     Lower Bound     Time (s) 	sigma_ref      bin_ref     Sub_tot_var     Sub_bin_var     Sub_int_var     Sub_con        
--------------------------------------------------------------------------------
                      NCNBD.jl (c) Christian Füllner, 2020
re-uses code from     SDDP.jl (c) Oscar Dowson, 2017-20

Solver: serial mode

 Outer_Iteration   Inner_Iteration    Upper Bound     Lower Bound     Time (s) 	sigma_ref      bin_ref     Sub_tot_var     Sub_bin_var     Sub_int_var     Sub_con        
--------------------------------------------------------------------------------
                      NCNBD.jl (c) Christian Füllner, 2020
re-uses code from     SDDP.jl (c) Oscar Dowson, 2017-20

Solver: serial mode

 Outer_Iteration   Inner_Iteration    Upper Bound     Lower Bound     Time (s) 	sigma_ref      bin_ref     Sub_tot_var     Sub_bin_var     Sub_int_var     Sub_con        
--------------------------------------------------------------------------------
                      NCNBD.jl (c) Christian Füllner, 2020
re-uses code from     SDDP.jl (c) Oscar Dowson, 2017-20

Solver: serial mode

 Outer_Iteration   Inner_Iteration    Upper Bound     Lower Bound     Time (s) 	sigma_ref      bin_ref     Sub_tot_var     Sub_bin_var     Sub_int_var     Sub_con        
        1                          1                         3.826600e+03    3.826600e+03    1.282850e+02     false     true            45            12             0            22
--------------------------------------------------------------------------------
                      NCNBD.jl (c) Christian Füllner, 2020
re-uses code from     SDDP.jl (c) Oscar Dowson, 2017-20

Solver: serial mode

 Outer_Iteration   Inner_Iteration    Upper Bound     Lower Bound     Time (s) 	sigma_ref      bin_ref     Sub_tot_var     Sub_bin_var     Sub_int_var     Sub_con        
        1                          1                         3.826600e+03    3.826600e+03    4.842800e+01     false     true            45            12             0            22
--------------------------------------------------------------------------------
                      NCNBD.jl (c) Christian Füllner, 2020
re-uses code from     SDDP.jl (c) Oscar Dowson, 2017-20

Solver: serial mode

 Outer_Iteration   Inner_Iteration    Upper Bound     Lower Bound     Time (s) 	sigma_ref      bin_ref     Sub_tot_var     Sub_bin_var     Sub_int_var     Sub_con        
        1                          1                         3.826600e+03    3.826600e+03    8.631700e+01     false     true            45            12             0            22
--------------------------------------------------------------------------------
                      NCNBD.jl (c) Christian Füllner, 2020
re-uses code from     SDDP.jl (c) Oscar Dowson, 2017-20

Solver: serial mode

 Outer_Iteration   Inner_Iteration    Upper Bound     Lower Bound     Time (s) 	sigma_ref      bin_ref     Sub_tot_var     Sub_bin_var     Sub_int_var     Sub_con        
        1                          1                         3.826600e+03    3.826600e+03    5.244800e+01     false     true            45            12             0            22
        1                                           0.000000e+00    0.000000e+00    6.344000e+01          

Terminating NCNBD with status: DeterministicStopping
------------------------------------------------------------------------------
--------------------------------------------------------------------------------
                      NCNBD.jl (c) Christian Füllner, 2020
re-uses code from     SDDP.jl (c) Oscar Dowson, 2017-20

Solver: serial mode

 Outer_Iteration   Inner_Iteration    Upper Bound     Lower Bound     Time (s) 	     sigma_ref      bin_ref     Sub_tot_var     Sub_bin_var     Sub_int_var     Sub_con        
        1                1            3.826600e+03    3.826600e+03    7.206600e+01   false          true        45              12              0               22
        1                    0.000000e+00    0.000000e+00    1.139310e+02             

Terminating NCNBD with status: DeterministicStopping
------------------------------------------------------------------------------
--------------------------------------------------------------------------------
                      NCNBD.jl (c) Christian Füllner, 2020
re-uses code from     SDDP.jl (c) Oscar Dowson, 2017-20

Solver: serial mode

 Outer_Iteration   Inner_Iteration    Upper Bound     Lower Bound     Time (s) 	     sigma_ref      bin_ref     Sub_tot_var     Sub_bin_var     Sub_int_var     Sub_con        
--------------------------------------------------------------------------------
                      NCNBD.jl (c) Christian Füllner, 2020
re-uses code from     SDDP.jl (c) Oscar Dowson, 2017-20

Solver: serial mode

 Outer_Iteration   Inner_Iteration    Upper Bound     Lower Bound     Time (s) 	     sigma_ref      bin_ref     Sub_tot_var     Sub_bin_var     Sub_int_var     Sub_con        
--------------------------------------------------------------------------------
                      NCNBD.jl (c) Christian Füllner, 2020
re-uses code from     SDDP.jl (c) Oscar Dowson, 2017-20

Solver: serial mode

 Outer_Iteration   Inner_Iteration   Upper Bound     Lower Bound     Time (s)        sigma_ref   bin_ref     tot_var     bin_var     int_var     con  
    3.826600e+03    3.826600e+03    1.156700e+02       false        true          45       12        0       22
    0.000000e+00    0.000000e+00    1.286200e+02                           

Terminating NCNBD with status: DeterministicStopping
------------------------------------------------------------------------------
--------------------------------------------------------------------------------
                      NCNBD.jl (c) Christian Füllner, 2020
re-uses code from     SDDP.jl (c) Oscar Dowson, 2017-20

Solver: serial mode

 Outer_Iteration   Inner_Iteration   Upper Bound     Lower Bound     Time (s)        sigma_ref   bin_ref     tot_var     bin_var     int_var     con  
--------------------------------------------------------------------------------
                      NCNBD.jl (c) Christian Füllner, 2020
re-uses code from     SDDP.jl (c) Oscar Dowson, 2017-20

Solver: serial mode

 Outer_Iteration   Inner_Iteration   Upper Bound     Lower Bound     Time (s)        sigma_ref   bin_ref     tot_var     bin_var     int_var     con  
              1                 1    3.826600e+03    3.826600e+03    5.247700e+01       false        true          45       12        0       22
              1                      0.000000e+00    0.000000e+00    6.358000e+01                           

Terminating NCNBD with status: DeterministicStopping
------------------------------------------------------------------------------
--------------------------------------------------------------------------------
                      NCNBD.jl (c) Christian Füllner, 2020
re-uses code from     SDDP.jl (c) Oscar Dowson, 2017-20

Solver: serial mode

 Outer_Iteration   Inner_Iteration   Upper Bound     Lower Bound     Time (s)        sigma_ref   bin_ref     tot_var     bin_var     int_var     con  
              1                 1    3.826600e+03    3.826600e+03    5.366200e+01       false        true          45       12        0       22
              1                      0.000000e+00    0.000000e+00    8.548100e+01                           

Terminating NCNBD with status: DeterministicStopping
------------------------------------------------------------------------------
--------------------------------------------------------------------------------
                      NCNBD.jl (c) Christian Füllner, 2020
re-uses code from     SDDP.jl (c) Oscar Dowson, 2017-20

Solver: serial mode

 Outer_Iteration   Inner_Iteration   Upper Bound     Lower Bound     Time (s)            sigma_ref    bin_ref     tot_var     bin_var     int_var     con  
              1                 1    3.826600e+03    3.826600e+03    5.681200e+01       false        true          45          12           0          22
              1                      0.000000e+00    0.000000e+00    7.668700e+01                           

Terminating NCNBD with status: DeterministicStopping
------------------------------------------------------------------------------
--------------------------------------------------------------------------------
                      NCNBD.jl (c) Christian Füllner, 2020
re-uses code from     SDDP.jl (c) Oscar Dowson, 2017-20

Solver: serial mode

 Outer_Iteration   Inner_Iteration   Upper Bound     Lower Bound     Time (s)            sigma_ref    bin_ref     tot_var     bin_var     int_var     con  
              1                 1    3.826600e+03    3.826600e+03    6.061800e+01       false        true          45          12           0          22
              1                      0.000000e+00    0.000000e+00    7.289900e+01                           

Terminating NCNBD with status: DeterministicStopping
------------------------------------------------------------------------------
--------------------------------------------------------------------------------
                      NCNBD.jl (c) Christian Füllner, 2020
re-uses code from     SDDP.jl (c) Oscar Dowson, 2017-20

Solver: serial mode

 Outer_Iteration   Inner_Iteration   Upper Bound     Lower Bound     Time (s)            sigma_ref    bin_ref     tot_var     bin_var     int_var     con  
              1                 1    3.826600e+03    3.826600e+03    1.081800e+01       false        true          45          12           0          22
              1                      0.000000e+00    0.000000e+00    8.810300e+01                           

Terminating NCNBD with status: DeterministicStopping
------------------------------------------------------------------------------
